<?xml version="1.0" encoding="UTF-8"?>
<!-- Generated by org.testng.reporters.JUnitReportReporter -->
<testsuite skipped="0" hostname="HHER-840G5" name="JerseyClientLiveTest" tests="3" failures="0" timestamp="06 Jun 2019 14:31:42 GMT" time="1.561" errors="0">
  <testcase name="receiveCorrectResponseTest" time="0.062" classname="JerseyClientLiveTest"/>
  <testcase name="givenCorrectObject_whenCorrectJsonRequest_thenResponseCodeCreated" time="1.458" classname="JerseyClientLiveTest"/>
  <testcase name="testMultiplePosts" time="0.041" classname="JerseyClientLiveTest"/>
</testsuite> <!-- JerseyClientLiveTest -->
