<?xml version="1.0" encoding="UTF-8"?>
<!-- Generated by org.testng.reporters.JUnitReportReporter -->
<testsuite skipped="0" hostname="ubuntu-ThinkPad-T450s" name="JerseyClientLiveTest" tests="3" failures="0" timestamp="30 Jul 2019 12:07:49 GMT" time="1.721" errors="0">
  <testcase name="givenCorrectObject_whenCorrectJsonRequest_thenResponseCodeCreated" time="1.579" classname="JerseyClientLiveTest"/>
  <testcase name="testMultiplePosts" time="0.059" classname="JerseyClientLiveTest"/>
  <testcase name="receiveCorrectResponseTest" time="0.083" classname="JerseyClientLiveTest"/>
</testsuite> <!-- JerseyClientLiveTest -->
