<?xml version="1.0" encoding="UTF-8"?>
<!-- Generated by org.testng.reporters.JUnitReportReporter -->
<testsuite skipped="0" hostname="ubuntu-ThinkPad-T450s" name="com.taf.auto.cucumber.CucumberUtilTest" tests="3" failures="0" timestamp="30 Jun 2019 00:07:29 GMT" time="0.043" errors="0">
  <testcase name="testDeriveXrayTestKeyFromURI" time="0.002" classname="com.taf.auto.cucumber.CucumberUtilTest"/>
  <testcase name="testExtractMergeKey" time="0.002" classname="com.taf.auto.cucumber.CucumberUtilTest"/>
  <testcase name="testMergeTestResultsToXray" time="0.039" classname="com.taf.auto.cucumber.CucumberUtilTest"/>
</testsuite> <!-- com.taf.auto.cucumber.CucumberUtilTest -->
