<?xml version="1.0" encoding="UTF-8"?>
<!-- Generated by org.testng.reporters.JUnitReportReporter -->
<testsuite skipped="0" hostname="ubuntu-ThinkPad-T450s" name="com.taf.auto.rest.RestUtilTest" tests="1" failures="0" timestamp="30 Jul 2019 12:07:43 GMT" time="0.001" errors="0">
  <testcase name="validateStatusCodeTest" time="0.001" classname="com.taf.auto.rest.RestUtilTest"/>
</testsuite> <!-- com.taf.auto.rest.RestUtilTest -->
