<?xml version="1.0" encoding="UTF-8"?>
<!-- Generated by org.testng.reporters.JUnitReportReporter -->
<testsuite skipped="0" hostname="ubuntu-ThinkPad-T450s" name="com.taf.auto.page.AbstractPageTest" tests="2" failures="0" timestamp="30 Jul 2019 12:07:43 GMT" time="0.153" errors="0">
  <testcase name="installPatternEnforced" time="0.079" classname="com.taf.auto.page.AbstractPageTest"/>
  <testcase name="lackOfInstallPatternRejected" time="0.074" classname="com.taf.auto.page.AbstractPageTest"/>
</testsuite> <!-- com.taf.auto.page.AbstractPageTest -->
