<?xml version="1.0" encoding="UTF-8"?>
<!-- Generated by org.testng.reporters.JUnitReportReporter -->
<testsuite skipped="0" hostname="ubuntu-ThinkPad-T450s" name="com.taf.auto.jira.TestDecommissionerTest" tests="2" failures="0" timestamp="30 Jun 2019 00:07:29 GMT" time="0.071" errors="0">
  <testcase name="shouldDecommissionTest" time="0.024" classname="com.taf.auto.jira.TestDecommissionerTest"/>
  <testcase name="shouldNotDecommissionTest" time="0.047" classname="com.taf.auto.jira.TestDecommissionerTest"/>
</testsuite> <!-- com.taf.auto.jira.TestDecommissionerTest -->
