<?xml version="1.0" encoding="UTF-8"?>
<!-- Generated by org.testng.reporters.JUnitReportReporter -->
<testsuite skipped="0" hostname="ubuntu-ThinkPad-T450s" name="com.taf.auto.spellcheck.SpellingScannerTest" tests="1" failures="0" timestamp="30 Jun 2019 00:07:29 GMT" time="1.769" errors="0">
  <testcase name="rudimentary" time="1.769" classname="com.taf.auto.spellcheck.SpellingScannerTest"/>
</testsuite> <!-- com.taf.auto.spellcheck.SpellingScannerTest -->
