<?xml version="1.0" encoding="UTF-8"?>
<!-- Generated by org.testng.reporters.JUnitReportReporter -->
<testsuite skipped="0" hostname="ubuntu-ThinkPad-T450s" name="com.taf.auto.jira.TestDecommissionerTest" tests="2" failures="0" timestamp="30 Jul 2019 12:07:43 GMT" time="0.106" errors="0">
  <testcase name="shouldNotDecommissionTest" time="0.077" classname="com.taf.auto.jira.TestDecommissionerTest"/>
  <testcase name="shouldDecommissionTest" time="0.029" classname="com.taf.auto.jira.TestDecommissionerTest"/>
</testsuite> <!-- com.taf.auto.jira.TestDecommissionerTest -->
