<?xml version="1.0" encoding="UTF-8"?>
<!-- Generated by org.testng.reporters.JUnitReportReporter -->
<testsuite skipped="0" hostname="ubuntu-ThinkPad-T450s" name="com.taf.auto.jira.xray.ScenarioEmitterTest" tests="3" failures="0" timestamp="30 Jul 2019 12:07:43 GMT" time="0.246" errors="0">
  <testcase name="validateMalformedTest" time="0.084" classname="com.taf.auto.jira.xray.ScenarioEmitterTest"/>
  <testcase name="validateEmptyTest" time="0.081" classname="com.taf.auto.jira.xray.ScenarioEmitterTest"/>
  <testcase name="validateTest" time="0.081" classname="com.taf.auto.jira.xray.ScenarioEmitterTest"/>
</testsuite> <!-- com.taf.auto.jira.xray.ScenarioEmitterTest -->
