<?xml version="1.0" encoding="UTF-8"?>
<!-- Generated by org.testng.reporters.JUnitReportReporter -->
<testsuite skipped="0" hostname="ubuntu-ThinkPad-T450s" name="com.taf.auto.accessibility.JSAccessibilityFactoryTest" tests="2" failures="0" timestamp="30 Jul 2019 12:07:43 GMT" time="0.009" errors="0">
  <testcase name="locateAuditScript" time="0.004" classname="com.taf.auto.accessibility.JSAccessibilityFactoryTest"/>
  <testcase name="locateJQueryScript" time="0.005" classname="com.taf.auto.accessibility.JSAccessibilityFactoryTest"/>
</testsuite> <!-- com.taf.auto.accessibility.JSAccessibilityFactoryTest -->
