<?xml version="1.0" encoding="UTF-8"?>
<!-- Generated by org.testng.reporters.JUnitReportReporter -->
<testsuite skipped="0" hostname="ubuntu-ThinkPad-T450s" name="com.taf.auto.StringUtilTest" tests="3" failures="0" timestamp="30 Jul 2019 12:07:43 GMT" time="0.003" errors="0">
  <testcase name="stripTrailingIndexTest" time="0.001" classname="com.taf.auto.StringUtilTest"/>
  <testcase name="stripQuotedTest" time="0.001" classname="com.taf.auto.StringUtilTest"/>
  <testcase name="allLinesEqualTest" time="0.001" classname="com.taf.auto.StringUtilTest"/>
</testsuite> <!-- com.taf.auto.StringUtilTest -->
