<?xml version="1.0" encoding="UTF-8"?>
<!-- Generated by org.testng.reporters.JUnitReportReporter -->
<testsuite skipped="0" hostname="ubuntu-ThinkPad-T450s" name="com.taf.auto.jira.app.ui.fetch.XrayFetchPageTest" tests="1" failures="0" timestamp="30 Jul 2019 12:07:43 GMT" time="0.015" errors="0">
  <testcase name="splitKeysTest" time="0.015" classname="com.taf.auto.jira.app.ui.fetch.XrayFetchPageTest"/>
</testsuite> <!-- com.taf.auto.jira.app.ui.fetch.XrayFetchPageTest -->
