<?xml version="1.0" encoding="UTF-8"?>
<!-- Generated by org.testng.reporters.JUnitReportReporter -->
<testsuite skipped="0" hostname="ubuntu-ThinkPad-T450s" name="com.taf.auto.cucumber.pojo.CucumberTestResultTest" tests="2" failures="0" timestamp="30 Jun 2019 00:07:29 GMT" time="0.016" errors="0">
  <testcase name="testDecode" time="0.011" classname="com.taf.auto.cucumber.pojo.CucumberTestResultTest"/>
  <testcase name="testDecode2" time="0.005" classname="com.taf.auto.cucumber.pojo.CucumberTestResultTest"/>
</testsuite> <!-- com.taf.auto.cucumber.pojo.CucumberTestResultTest -->
