<?xml version="1.0" encoding="UTF-8"?>
<!-- Generated by org.testng.reporters.JUnitReportReporter -->
<testsuite skipped="0" hostname="ubuntu-ThinkPad-T450s" name="com.taf.auto.jira.app.ui.fetch.XrayFetchPageTest" tests="1" failures="0" timestamp="30 Jun 2019 00:07:29 GMT" time="0.049" errors="0">
  <testcase name="splitKeysTest" time="0.049" classname="com.taf.auto.jira.app.ui.fetch.XrayFetchPageTest"/>
</testsuite> <!-- com.taf.auto.jira.app.ui.fetch.XrayFetchPageTest -->
