<?xml version="1.0" encoding="UTF-8"?>
<!-- Generated by org.testng.reporters.JUnitReportReporter -->
<testsuite skipped="0" hostname="ubuntu-ThinkPad-T450s" name="com.taf.auto.io.JSONCompareTest" tests="12" failures="0" timestamp="30 Jun 2019 00:07:29 GMT" time="0.530" errors="0">
  <testcase name="deepKeySupersetComparisonTest" time="0.035" classname="com.taf.auto.io.JSONCompareTest"/>
  <testcase name="trivialSupersetComparisonTest" time="0.058" classname="com.taf.auto.io.JSONCompareTest"/>
  <testcase name="valueChangeSupersetComparisonTest" time="0.027" classname="com.taf.auto.io.JSONCompareTest"/>
  <testcase name="omissionsSupersetComparisonTest" time="0.045" classname="com.taf.auto.io.JSONCompareTest"/>
  <testcase name="orderingSupersetComparisonTest" time="0.031" classname="com.taf.auto.io.JSONCompareTest"/>
  <testcase name="hierarchySupersetComparisonTest" time="0.063" classname="com.taf.auto.io.JSONCompareTest"/>
  <testcase name="keyChangeSupersetComparisonTest" time="0.049" classname="com.taf.auto.io.JSONCompareTest"/>
  <testcase name="deepArraySupersetComparisonTest" time="0.042" classname="com.taf.auto.io.JSONCompareTest"/>
  <testcase name="multipleNestingSupersetComparisonTest" time="0.060" classname="com.taf.auto.io.JSONCompareTest"/>
  <testcase name="supersetComparisonTest" time="0.037" classname="com.taf.auto.io.JSONCompareTest"/>
  <testcase name="additionsSupersetComparisonTest" time="0.033" classname="com.taf.auto.io.JSONCompareTest"/>
  <testcase name="nestedSupersetComparisonTest" time="0.050" classname="com.taf.auto.io.JSONCompareTest"/>
</testsuite> <!-- com.taf.auto.io.JSONCompareTest -->
