<?xml version="1.0" encoding="UTF-8"?>
<!-- Generated by org.testng.reporters.JUnitReportReporter -->
<testsuite skipped="0" hostname="ubuntu-ThinkPad-T450s" name="com.taf.auto.ElementUtilTest" tests="6" failures="0" timestamp="30 Jul 2019 12:07:43 GMT" time="1.162" errors="0">
  <testcase name="getByFromField_noField" time="0.230" classname="com.taf.auto.ElementUtilTest"/>
  <testcase name="webElementToString" time="0.230" classname="com.taf.auto.ElementUtilTest"/>
  <testcase name="getByFromField_withFindBy" time="0.231" classname="com.taf.auto.ElementUtilTest"/>
  <testcase name="getByFromField_withFindAll" time="0.012" classname="com.taf.auto.ElementUtilTest"/>
  <testcase name="getByFromField_withFindBys" time="0.229" classname="com.taf.auto.ElementUtilTest"/>
  <testcase name="getByFromField_noFindBy" time="0.230" classname="com.taf.auto.ElementUtilTest"/>
</testsuite> <!-- com.taf.auto.ElementUtilTest -->
