<?xml version="1.0" encoding="UTF-8"?>
<!-- Generated by org.testng.reporters.JUnitReportReporter -->
<testsuite skipped="0" hostname="ubuntu-ThinkPad-T450s" name="com.taf.auto.io.JSONCompareTest" tests="12" failures="0" timestamp="30 Jul 2019 12:07:43 GMT" time="0.457" errors="0">
  <testcase name="deepKeySupersetComparisonTest" time="0.030" classname="com.taf.auto.io.JSONCompareTest"/>
  <testcase name="valueChangeSupersetComparisonTest" time="0.023" classname="com.taf.auto.io.JSONCompareTest"/>
  <testcase name="hierarchySupersetComparisonTest" time="0.053" classname="com.taf.auto.io.JSONCompareTest"/>
  <testcase name="keyChangeSupersetComparisonTest" time="0.042" classname="com.taf.auto.io.JSONCompareTest"/>
  <testcase name="supersetComparisonTest" time="0.032" classname="com.taf.auto.io.JSONCompareTest"/>
  <testcase name="nestedSupersetComparisonTest" time="0.044" classname="com.taf.auto.io.JSONCompareTest"/>
  <testcase name="omissionsSupersetComparisonTest" time="0.039" classname="com.taf.auto.io.JSONCompareTest"/>
  <testcase name="trivialSupersetComparisonTest" time="0.050" classname="com.taf.auto.io.JSONCompareTest"/>
  <testcase name="multipleNestingSupersetComparisonTest" time="0.052" classname="com.taf.auto.io.JSONCompareTest"/>
  <testcase name="orderingSupersetComparisonTest" time="0.026" classname="com.taf.auto.io.JSONCompareTest"/>
  <testcase name="additionsSupersetComparisonTest" time="0.028" classname="com.taf.auto.io.JSONCompareTest"/>
  <testcase name="deepArraySupersetComparisonTest" time="0.038" classname="com.taf.auto.io.JSONCompareTest"/>
</testsuite> <!-- com.taf.auto.io.JSONCompareTest -->
