<?xml version="1.0" encoding="UTF-8"?>
<!-- Generated by org.testng.reporters.JUnitReportReporter -->
<testsuite skipped="0" hostname="ubuntu-ThinkPad-T450s" name="com.taf.auto.jira.xray.ScenarioEmitterTest" tests="3" failures="0" timestamp="30 Jun 2019 00:07:29 GMT" time="0.256" errors="0">
  <testcase name="validateTest" time="0.084" classname="com.taf.auto.jira.xray.ScenarioEmitterTest"/>
  <testcase name="validateEmptyTest" time="0.084" classname="com.taf.auto.jira.xray.ScenarioEmitterTest"/>
  <testcase name="validateMalformedTest" time="0.088" classname="com.taf.auto.jira.xray.ScenarioEmitterTest"/>
</testsuite> <!-- com.taf.auto.jira.xray.ScenarioEmitterTest -->
