<?xml version="1.0" encoding="UTF-8"?>
<!-- Generated by org.testng.reporters.JUnitReportReporter -->
<testsuite skipped="0" hostname="ubuntu-ThinkPad-T450s" name="com.taf.auto.steps.MultiStepAssertorTest" tests="8" failures="0" timestamp="30 Jun 2019 00:07:29 GMT" time="0.019" errors="0">
  <testcase name="assertFailWithException" time="0.002" classname="com.taf.auto.steps.MultiStepAssertorTest"/>
  <testcase name="assertFalseWithTrueResult" time="0.003" classname="com.taf.auto.steps.MultiStepAssertorTest"/>
  <testcase name="assertTrueWithFalseResult" time="0.003" classname="com.taf.auto.steps.MultiStepAssertorTest"/>
  <testcase name="assertFailWithMessage" time="0.003" classname="com.taf.auto.steps.MultiStepAssertorTest"/>
  <testcase name="assertAllWithClearedResultsIsSuccessful" time="0.001" classname="com.taf.auto.steps.MultiStepAssertorTest"/>
  <testcase name="noErrorIfNoAssertAllCalled" time="0.002" classname="com.taf.auto.steps.MultiStepAssertorTest"/>
  <testcase name="assertAllWithSuccessfulResultsIsSuccessful" time="0.003" classname="com.taf.auto.steps.MultiStepAssertorTest"/>
  <testcase name="assertAllWithNoResultsIsSuccessful" time="0.002" classname="com.taf.auto.steps.MultiStepAssertorTest"/>
</testsuite> <!-- com.taf.auto.steps.MultiStepAssertorTest -->
