<?xml version="1.0" encoding="UTF-8"?>
<!-- Generated by org.testng.reporters.JUnitReportReporter -->
<testsuite skipped="1" hostname="ubuntu-ThinkPad-T450s" name="com.taf.auto.jira.pojo.xray.TestXrayUtil" tests="1" failures="0" timestamp="30 Jun 2019 00:07:29 GMT" time="0.000" errors="0">
  <testcase name="fetchIssuesByTestSetTest" time="0.000" classname="com.taf.auto.jira.pojo.xray.TestXrayUtil">
    <skipped/>
  </testcase> <!-- fetchIssuesByTestSetTest -->
</testsuite> <!-- com.taf.auto.jira.pojo.xray.TestXrayUtil -->
