<?xml version="1.0" encoding="UTF-8"?>
<!-- Generated by org.testng.reporters.JUnitReportReporter -->
<testsuite skipped="0" hostname="ubuntu-ThinkPad-T450s" name="com.taf.auto.cucumber.pojo.CucumberTestResultTest" tests="2" failures="0" timestamp="30 Jul 2019 12:07:43 GMT" time="0.017" errors="0">
  <testcase name="testDecode2" time="0.005" classname="com.taf.auto.cucumber.pojo.CucumberTestResultTest"/>
  <testcase name="testDecode" time="0.012" classname="com.taf.auto.cucumber.pojo.CucumberTestResultTest"/>
</testsuite> <!-- com.taf.auto.cucumber.pojo.CucumberTestResultTest -->
