<?xml version="1.0" encoding="UTF-8"?>
<!-- Generated by org.testng.reporters.JUnitReportReporter -->
<testsuite skipped="0" hostname="ubuntu-ThinkPad-T450s" name="com.taf.auto.common.PrettyPrinterTest" tests="3" failures="0" timestamp="30 Jun 2019 00:07:29 GMT" time="0.036" errors="0">
  <testcase name="recordColumnWidthsTest" time="0.013" classname="com.taf.auto.common.PrettyPrinterTest"/>
  <testcase name="prettyArray" time="0.012" classname="com.taf.auto.common.PrettyPrinterTest"/>
  <testcase name="standardizeColumnWidthsTest" time="0.011" classname="com.taf.auto.common.PrettyPrinterTest"/>
</testsuite> <!-- com.taf.auto.common.PrettyPrinterTest -->
