<?xml version="1.0" encoding="UTF-8"?>
<!-- Generated by org.testng.reporters.JUnitReportReporter -->
<testsuite skipped="0" hostname="ubuntu-ThinkPad-T450s" name="com.taf.auto.page.AbstractPageTest" tests="2" failures="0" timestamp="30 Jun 2019 00:07:29 GMT" time="0.174" errors="0">
  <testcase name="lackOfInstallPatternRejected" time="0.084" classname="com.taf.auto.page.AbstractPageTest"/>
  <testcase name="installPatternEnforced" time="0.090" classname="com.taf.auto.page.AbstractPageTest"/>
</testsuite> <!-- com.taf.auto.page.AbstractPageTest -->
