<?xml version="1.0" encoding="UTF-8"?>
<!-- Generated by org.testng.reporters.JUnitReportReporter -->
<testsuite skipped="0" hostname="ubuntu-ThinkPad-T450s" name="com.taf.auto.ColorUtilTest" tests="3" failures="0" timestamp="30 Jul 2019 12:07:43 GMT" time="0.005" errors="0">
  <testcase name="extractColor" time="0.002" classname="com.taf.auto.ColorUtilTest"/>
  <testcase name="hexToRGBAGarbage" time="0.001" classname="com.taf.auto.ColorUtilTest"/>
  <testcase name="hexToRGBASpectrum" time="0.002" classname="com.taf.auto.ColorUtilTest"/>
</testsuite> <!-- com.taf.auto.ColorUtilTest -->
