<?xml version="1.0" encoding="UTF-8"?>
<!-- Generated by org.testng.reporters.JUnitReportReporter -->
<testsuite skipped="0" hostname="ubuntu-ThinkPad-T450s" name="com.taf.auto.ElementUtilTest" tests="6" failures="0" timestamp="30 Jun 2019 00:07:29 GMT" time="0.097" errors="0">
  <testcase name="getByFromField_noField" time="0.017" classname="com.taf.auto.ElementUtilTest"/>
  <testcase name="getByFromField_withFindBy" time="0.017" classname="com.taf.auto.ElementUtilTest"/>
  <testcase name="getByFromField_withFindBys" time="0.016" classname="com.taf.auto.ElementUtilTest"/>
  <testcase name="webElementToString" time="0.017" classname="com.taf.auto.ElementUtilTest"/>
  <testcase name="getByFromField_noFindBy" time="0.016" classname="com.taf.auto.ElementUtilTest"/>
  <testcase name="getByFromField_withFindAll" time="0.014" classname="com.taf.auto.ElementUtilTest"/>
</testsuite> <!-- com.taf.auto.ElementUtilTest -->
