<?xml version="1.0" encoding="UTF-8"?>
<!-- Generated by org.testng.reporters.JUnitReportReporter -->
<testsuite skipped="7" hostname="ubuntu-ThinkPad-T450s" name="com.taf.auto.jira.pojo.xray.XrayTestTest" tests="7" failures="0" timestamp="30 Jul 2019 12:07:43 GMT" time="0.000" errors="0">
  <testcase name="test21188" time="0.000" classname="com.taf.auto.jira.pojo.xray.XrayTestTest">
    <skipped/>
  </testcase> <!-- test21188 -->
  <testcase name="test16101" time="0.000" classname="com.taf.auto.jira.pojo.xray.XrayTestTest">
    <skipped/>
  </testcase> <!-- test16101 -->
  <testcase name="test12430" time="0.000" classname="com.taf.auto.jira.pojo.xray.XrayTestTest">
    <skipped/>
  </testcase> <!-- test12430 -->
  <testcase name="test19303" time="0.000" classname="com.taf.auto.jira.pojo.xray.XrayTestTest">
    <skipped/>
  </testcase> <!-- test19303 -->
  <testcase name="test14845" time="0.000" classname="com.taf.auto.jira.pojo.xray.XrayTestTest">
    <skipped/>
  </testcase> <!-- test14845 -->
  <testcase name="test22174" time="0.000" classname="com.taf.auto.jira.pojo.xray.XrayTestTest">
    <skipped/>
  </testcase> <!-- test22174 -->
  <testcase name="test15861" time="0.000" classname="com.taf.auto.jira.pojo.xray.XrayTestTest">
    <skipped/>
  </testcase> <!-- test15861 -->
</testsuite> <!-- com.taf.auto.jira.pojo.xray.XrayTestTest -->
