<?xml version="1.0" encoding="UTF-8"?>
<!-- Generated by org.testng.reporters.JUnitReportReporter -->
<testsuite skipped="10" hostname="ubuntu-ThinkPad-T450s" name="com.taf.auto.jira.JIRAUtilTest" tests="10" failures="0" timestamp="30 Jul 2019 12:07:43 GMT" time="0.000" errors="0">
  <testcase name="testManageComment" time="0.000" classname="com.taf.auto.jira.JIRAUtilTest">
    <skipped/>
  </testcase> <!-- testManageComment -->
  <testcase name="testUpdateSummary" time="0.000" classname="com.taf.auto.jira.JIRAUtilTest">
    <skipped/>
  </testcase> <!-- testUpdateSummary -->
  <testcase name="testUpdateITTeam" time="0.000" classname="com.taf.auto.jira.JIRAUtilTest">
    <skipped/>
  </testcase> <!-- testUpdateITTeam -->
  <testcase name="testRemoveFixVersion" time="0.000" classname="com.taf.auto.jira.JIRAUtilTest">
    <skipped/>
  </testcase> <!-- testRemoveFixVersion -->
  <testcase name="testUpdateRevision" time="0.000" classname="com.taf.auto.jira.JIRAUtilTest">
    <skipped/>
  </testcase> <!-- testUpdateRevision -->
  <testcase name="testUpdateFixVersion" time="0.000" classname="com.taf.auto.jira.JIRAUtilTest">
    <skipped/>
  </testcase> <!-- testUpdateFixVersion -->
  <testcase name="testUpdateIssueRemoveLabel" time="0.000" classname="com.taf.auto.jira.JIRAUtilTest">
    <skipped/>
  </testcase> <!-- testUpdateIssueRemoveLabel -->
  <testcase name="testUpdateEnv" time="0.000" classname="com.taf.auto.jira.JIRAUtilTest">
    <skipped/>
  </testcase> <!-- testUpdateEnv -->
  <testcase name="testUpdateSprint" time="0.000" classname="com.taf.auto.jira.JIRAUtilTest">
    <skipped/>
  </testcase> <!-- testUpdateSprint -->
  <testcase name="testAddLabels" time="0.000" classname="com.taf.auto.jira.JIRAUtilTest">
    <skipped/>
  </testcase> <!-- testAddLabels -->
</testsuite> <!-- com.taf.auto.jira.JIRAUtilTest -->
