<?xml version="1.0" encoding="UTF-8"?>
<!-- Generated by org.testng.reporters.JUnitReportReporter -->
<testsuite skipped="0" hostname="ubuntu-ThinkPad-T450s" name="com.taf.auto.accessibility.JSAccessibilityFactoryTest" tests="2" failures="0" timestamp="30 Jun 2019 00:07:29 GMT" time="0.013" errors="0">
  <testcase name="locateAuditScript" time="0.006" classname="com.taf.auto.accessibility.JSAccessibilityFactoryTest"/>
  <testcase name="locateJQueryScript" time="0.007" classname="com.taf.auto.accessibility.JSAccessibilityFactoryTest"/>
</testsuite> <!-- com.taf.auto.accessibility.JSAccessibilityFactoryTest -->
