<?xml version="1.0" encoding="UTF-8"?>
<!-- Generated by org.testng.reporters.JUnitReportReporter -->
<testsuite skipped="0" hostname="ubuntu-ThinkPad-T450s" name="com.taf.auto.spellcheck.SpellingScannerTest" tests="1" failures="0" timestamp="30 Jul 2019 12:07:43 GMT" time="2.016" errors="0">
  <testcase name="rudimentary" time="2.016" classname="com.taf.auto.spellcheck.SpellingScannerTest"/>
</testsuite> <!-- com.taf.auto.spellcheck.SpellingScannerTest -->
